<?xml version="1.0" encoding="UTF-8"?>
<!-- Generated by org.testng.reporters.JUnitXMLReporter -->
<testsuite ignored="0" hostname="DESKTOP-LOND5IO" failures="0" tests="4" name="Login Test" time="8.721" errors="0" timestamp="2024-11-08T17:48:04 IST">
  <testcase classname="Tests.LoginTest" name="testLogin" time="1.76"/>
  <testcase classname="Tests.LoginTest" name="testLogin" time="0.327"/>
  <testcase classname="Tests.LoginTest" name="testLogin" time="0.34"/>
  <testcase classname="Tests.LoginTest" name="testLogin" time="5.354"/>
</testsuite> <!-- Login Test -->
